1.411481375865515364e+00
1.165190409188789022e+00
1.289435208364158481e+00
1.562490644620933455e+00
1.444653270409243628e+00
1.390182068068083421e+00
1.408921249002111464e+00
1.605618153352102340e+00
1.637302005553512574e+00
1.569474301466674770e+00
1.473265884856325370e+00
1.478031297212299533e+00
1.476171701171694606e+00
1.500847329094726179e+00
1.503905703311140041e+00
1.470133588835591532e+00
1.512893326126827365e+00
1.367773734203109548e+00
1.690704805950209888e+00
1.650116730942631227e+00
1.588203605086683234e+00
1.668153485080772436e+00
1.727368502882426382e+00
1.698376039692659489e+00
1.668927597288414111e+00
1.684528001472574088e+00
1.686114024964638469e+00
1.689830602311096719e+00
1.682593511150609178e+00
1.687428370114306908e+00
